<?xml version="1.0" encoding="UTF-8"?>
<!-- Generated by org.testng.reporters.JUnitReportReporter -->
<testsuite hostname="Faridas-MacBook-Pro.local" failures="0" tests="1" name="scaledupit.OrderFromDownloadsTest" time="28.110" errors="0" timestamp="2023-05-30T20:30:31 EDT" skipped="0">
  <testcase classname="scaledupit.OrderFromDownloadsTest" name="OrdersFromDownloads" time="28.110"/>
  <system-out/>
</testsuite> <!-- scaledupit.OrderFromDownloadsTest -->
