<?xml version="1.0" encoding="UTF-8"?>
<!-- Generated by org.testng.reporters.JUnitReportReporter -->
<testsuite hostname="DESKTOP-TESS5PJ" failures="0" tests="3" name="nopcommerce.WishListTest" time="15.580" errors="0" timestamp="2023-05-30T17:53:25 EDT" skipped="0">
  <testcase classname="nopcommerce.WishListTest" name="sendAFriendAEmail" time="5.443"/>
  <system-out/>
  <testcase classname="nopcommerce.WishListTest" name="JewelryPage" time="4.931"/>
  <system-out/>
  <testcase classname="nopcommerce.WishListTest" name="emailFriend" time="5.206"/>
  <system-out/>
</testsuite> <!-- nopcommerce.WishListTest -->
