<?xml version="1.0" encoding="UTF-8"?>
<!-- Generated by org.testng.reporters.JUnitReportReporter -->
<testsuite hostname="DESKTOP-TESS5PJ" failures="0" tests="4" name="nopcommerce.LoginPage2Test" time="37.829" errors="0" timestamp="2023-05-30T17:53:25 EDT" skipped="0">
  <testcase classname="nopcommerce.LoginPage2Test" name="withoutEmail" time="7.088"/>
  <system-out/>
  <testcase classname="nopcommerce.LoginPage2Test" name="logOutValidation" time="10.044"/>
  <system-out/>
  <testcase classname="nopcommerce.LoginPage2Test" name="withoutPassword" time="7.341"/>
  <system-out/>
  <testcase classname="nopcommerce.LoginPage2Test" name="loginLink" time="13.356"/>
  <system-out/>
</testsuite> <!-- nopcommerce.LoginPage2Test -->
