<?xml version="1.0" encoding="UTF-8"?>
<!-- Generated by org.testng.reporters.JUnitReportReporter -->
<testsuite hostname="DESKTOP-TESS5PJ" failures="0" tests="2" name="nopcommerce.BooksTest" time="9.056" errors="0" timestamp="2023-05-30T17:53:25 EDT" skipped="0">
  <testcase classname="nopcommerce.BooksTest" name="homePageButtonOnBooksPage" time="3.886"/>
  <system-out/>
  <testcase classname="nopcommerce.BooksTest" name="addBookToCart" time="5.170"/>
  <system-out/>
</testsuite> <!-- nopcommerce.BooksTest -->
