<?xml version="1.0" encoding="UTF-8"?>
<!-- Generated by org.testng.reporters.JUnitReportReporter -->
<testsuite hostname="Faridas-MacBook-Pro.local" failures="0" tests="3" name="scaledupit.ConnectToSocialMediaTest" time="22.888" errors="0" timestamp="2023-05-30T20:30:31 EDT" skipped="0">
  <testcase classname="scaledupit.ConnectToSocialMediaTest" name="ConnectFaceBook" time="7.680"/>
  <system-out/>
  <testcase classname="scaledupit.ConnectToSocialMediaTest" name="ConnectInstagram" time="7.485"/>
  <system-out/>
  <testcase classname="scaledupit.ConnectToSocialMediaTest" name="ConnectSnapShot" time="7.723"/>
  <system-out/>
</testsuite> <!-- scaledupit.ConnectToSocialMediaTest -->
