<?xml version="1.0" encoding="UTF-8"?>
<!-- Generated by org.testng.reporters.JUnitReportReporter -->
<testsuite hostname="Faridas-MacBook-Pro.local" failures="0" tests="4" name="scaledupit.LoginTest" time="43.756" errors="0" timestamp="2023-05-30T20:30:31 EDT" skipped="0">
  <testcase classname="scaledupit.LoginTest" name="validCredential" time="12.145"/>
  <system-out/>
  <testcase classname="scaledupit.LoginTest" name="missingUsername" time="11.445"/>
  <system-out/>
  <testcase classname="scaledupit.LoginTest" name="invalidUsername" time="8.703"/>
  <system-out/>
  <testcase classname="scaledupit.LoginTest" name="missingPassword" time="11.463"/>
  <system-out/>
</testsuite> <!-- scaledupit.LoginTest -->
