<?xml version="1.0" encoding="UTF-8"?>
<!-- Generated by org.testng.reporters.JUnitReportReporter -->
<testsuite hostname="DESKTOP-TESS5PJ" failures="0" tests="3" name="nopcommerce.DigitalDownloadsTest" time="9.868" errors="0" timestamp="2023-05-30T17:53:25 EDT" skipped="0">
  <testcase classname="nopcommerce.DigitalDownloadsTest" name="downloads" time="3.135"/>
  <system-out/>
  <testcase classname="nopcommerce.DigitalDownloadsTest" name="priceOfItem" time="2.807"/>
  <system-out/>
  <testcase classname="nopcommerce.DigitalDownloadsTest" name="categoriesDisplay" time="3.926"/>
  <system-out/>
</testsuite> <!-- nopcommerce.DigitalDownloadsTest -->
