<?xml version="1.0" encoding="UTF-8"?>
<!-- Generated by org.testng.reporters.JUnitReportReporter -->
<testsuite hostname="DESKTOP-TESS5PJ" failures="0" tests="1" name="nopcommerce.GiftCardTest" time="7.091" errors="0" timestamp="2023-05-30T17:53:25 EDT" skipped="0">
  <testcase classname="nopcommerce.GiftCardTest" name="giftCards" time="7.091"/>
  <system-out/>
</testsuite> <!-- nopcommerce.GiftCardTest -->
