<?xml version="1.0" encoding="UTF-8"?>
<!-- Generated by org.testng.reporters.JUnitReportReporter -->
<testsuite hostname="Faridas-MacBook-Pro.local" failures="0" tests="2" name="scaledupit.UserRegistration" time="27.428" errors="0" timestamp="2023-05-30T20:30:31 EDT" skipped="0">
  <testcase classname="scaledupit.UserRegistration" name="RegistrationValidation" time="12.532"/>
  <system-out/>
  <testcase classname="scaledupit.UserRegistration" name="RegistrationInValid" time="14.896"/>
  <system-out/>
</testsuite> <!-- scaledupit.UserRegistration -->
