<?xml version="1.0" encoding="UTF-8"?>
<!-- Generated by org.testng.reporters.JUnitReportReporter -->
<testsuite hostname="DESKTOP-TESS5PJ" failures="0" tests="12" name="nopcommerce.HomePageTest" time="41.012" errors="0" timestamp="2023-05-30T17:53:25 EDT" skipped="0">
  <testcase classname="nopcommerce.HomePageTest" name="homePageFeaturedTitle" time="2.817"/>
  <system-out/>
  <testcase classname="nopcommerce.HomePageTest" name="homePageInformationElement" time="2.701"/>
  <system-out/>
  <testcase classname="nopcommerce.HomePageTest" name="shippingAndReturnsElement" time="3.275"/>
  <system-out/>
  <testcase classname="nopcommerce.HomePageTest" name="customerServiceTab" time="2.813"/>
  <system-out/>
  <testcase classname="nopcommerce.HomePageTest" name="homePageDocumentationButton" time="4.435"/>
  <system-out/>
  <testcase classname="nopcommerce.HomePageTest" name="forumPage" time="4.819"/>
  <system-out/>
  <testcase classname="nopcommerce.HomePageTest" name="homePageCommunityTitle" time="2.766"/>
  <system-out/>
  <testcase classname="nopcommerce.HomePageTest" name="homePageForumsButton" time="4.801"/>
  <system-out/>
  <testcase classname="nopcommerce.HomePageTest" name="newsTitle" time="2.652"/>
  <system-out/>
  <testcase classname="nopcommerce.HomePageTest" name="homePageMyAccountElement" time="2.928"/>
  <system-out/>
  <testcase classname="nopcommerce.HomePageTest" name="newsAnnouncementsTitle" time="4.546"/>
  <system-out/>
  <testcase classname="nopcommerce.HomePageTest" name="homePageTitles" time="2.459"/>
  <system-out/>
</testsuite> <!-- nopcommerce.HomePageTest -->
