<?xml version="1.0" encoding="UTF-8"?>
<!-- Generated by org.testng.reporters.JUnitReportReporter -->
<testsuite hostname="DESKTOP-TESS5PJ" failures="0" tests="1" name="nopcommerce.ContactUsTest" time="4.657" errors="0" timestamp="2023-05-30T17:53:25 EDT" skipped="0">
  <testcase classname="nopcommerce.ContactUsTest" name="companyContact" time="4.657"/>
  <system-out/>
</testsuite> <!-- nopcommerce.ContactUsTest -->
