<?xml version="1.0" encoding="UTF-8"?>
<!-- Generated by org.testng.reporters.JUnitReportReporter -->
<testsuite hostname="DESKTOP-TESS5PJ" failures="0" tests="1" name="nopcommerce.RemoveItemTest" time="5.340" errors="0" timestamp="2023-05-30T17:53:25 EDT" skipped="0">
  <testcase classname="nopcommerce.RemoveItemTest" name="removeItems" time="5.340"/>
  <system-out/>
</testsuite> <!-- nopcommerce.RemoveItemTest -->
